[INFO ] 2018-11-11T23:50:41,047Z [main] manifests.Manifests.info - 111 attributes loaded from 124 stream(s) in 3s, 111 saved, 1970 ignored: ["ActiveMQ-Version", "Agent-Class", "Ant-Version", "Application-Class", "Application-Library-Allowable-Codebase", "Application-Name", "Application-Version", "Archiver-Version", "Automatic-Module-Name", "Bnd-LastModified", "Branch", "Build-Date", "Build-Host", "Build-Id", "Build-Java-Version", "Build-Jdk", "Build-Job", "Build-Number", "Build-Timestamp", "Built-By", "Built-OS", "Built-Status", "Bundle-Activator", "Bundle-Category", "Bundle-ClassPath", "Bundle-Copyright", "Bundle-Description", "Bundle-DocURL", "Bundle-License", "Bundle-ManifestVersion", "Bundle-Name", "Bundle-RequiredExecutionEnvironment", "Bundle-SymbolicName", "Bundle-Vendor", "Bundle-Version", "Caller-Allowable-Codebase", "Can-Redefine-Classes", "Can-Retransform-Classes", "Can-Set-Native-Method-Prefix", "Caplets", "Change", "Codebase", "Corda-Platform-Version", "Corda-Release-Version", "Corda-Revision", "Corda-Vendor", "Created-By", "DynamicImport-Package", "Eclipse-BuddyPolicy", "Eclipse-LazyStart", "Export-Package", "Extension-Name", "Fragment-Host", "Gradle-Version", "Ignore-Package", "Implementation-Build", "Implementation-Build-Date", "Implementation-Title", "Implementation-URL", "Implementation-Url", "Implementation-Vendor", "Implementation-Vendor-Id", "Implementation-Version", "Import-Package", "Include-Resource", "JCabi-Build", "JCabi-Date", "JCabi-Version", "JVM-Args", "Java-Agents", "Java-Vendor", "Java-Version", "Kotlin-Runtime-Component", "Kotlin-Version", "Log4jReleaseKey", "Log4jReleaseManager", "Log4jReleaseVersion", "Main-Class", "Main-class", "Manifest-Version", "Min-Java-Version", "Min-Update-Version", "Module-Email", "Module-Origin", "Module-Owner", "Module-Source", "Multi-Release", "Originally-Created-By", "Os-Arch", "Os-Name", "Os-Version", "Package", "Permissions", "Premain-Class", "Private-Package", "Provide-Capability", "Require-Capability", "SCM-Revision", "SCM-url", "Scm-Connection", "Scm-Revision", "Scm-Url", "Service-Component", "Specification-Title", "Specification-Vendor", "Specification-Version", "System-Properties", "Tool", "Trusted-Library", "X-Compile-Source-JDK", "X-Compile-Target-JDK"] {}
[INFO ] 2018-11-11T23:50:41,343Z [main] BasicInfo.printBasicNodeInfo - Logs can be found in                    : C:\Users\raj.kumar\Cordapp-training\training-cordapp-1\build\nodes\PartyC\logs {}
[INFO ] 2018-11-11T23:50:41,450Z [main] config.ConfigHelper.loadConfig - Config:
{
    # reference.conf @ jar:file:/C:/Users/raj.kumar/Cordapp-training/training-cordapp-1/build/nodes/PartyC/corda.jar!/reference.conf: 20
    "activeMQServer" : {
        # reference.conf @ jar:file:/C:/Users/raj.kumar/Cordapp-training/training-cordapp-1/build/nodes/PartyC/corda.jar!/reference.conf: 21
        "bridge" : {
            # reference.conf @ jar:file:/C:/Users/raj.kumar/Cordapp-training/training-cordapp-1/build/nodes/PartyC/corda.jar!/reference.conf: 24
            "maxRetryIntervalMin" : 3,
            # reference.conf @ jar:file:/C:/Users/raj.kumar/Cordapp-training/training-cordapp-1/build/nodes/PartyC/corda.jar!/reference.conf: 22
            "retryIntervalMs" : 5000,
            # reference.conf @ jar:file:/C:/Users/raj.kumar/Cordapp-training/training-cordapp-1/build/nodes/PartyC/corda.jar!/reference.conf: 23
            "retryIntervalMultiplier" : 1.5
        }
    },
    # hardcoded value
    "baseDirectory" : "C:\\Users\\raj.kumar\\Cordapp-training\\training-cordapp-1\\build\\nodes\\PartyC",
    # merge of reference.conf @ jar:file:/C:/Users/raj.kumar/Cordapp-training/training-cordapp-1/build/nodes/PartyC/corda.jar!/reference.conf: 6,reference.conf @ jar:file:/C:/Users/raj.kumar/Cordapp-training/training-cordapp-1/build/nodes/.cache/apps/net.corda.node.Corda_corda-3.0/corda-node-corda-3.0.jar!/reference.conf: 6
    "dataSourceProperties" : {
        # reference.conf @ jar:file:/C:/Users/raj.kumar/Cordapp-training/training-cordapp-1/build/nodes/PartyC/corda.jar!/reference.conf: 10
        "dataSource.password" : "",
        # merge of reference.conf @ jar:file:/C:/Users/raj.kumar/Cordapp-training/training-cordapp-1/build/nodes/PartyC/corda.jar!/reference.conf: 8,hardcoded value,reference.conf @ jar:file:/C:/Users/raj.kumar/Cordapp-training/training-cordapp-1/build/nodes/PartyC/corda.jar!/reference.conf: 8,reference.conf @ jar:file:/C:/Users/raj.kumar/Cordapp-training/training-cordapp-1/build/nodes/PartyC/corda.jar!/reference.conf: 17
        "dataSource.url" : "jdbc:h2:file:C:\\Users\\raj.kumar\\Cordapp-training\\training-cordapp-1\\build\\nodes\\PartyC/persistence;DB_CLOSE_ON_EXIT=FALSE;LOCK_TIMEOUT=10000;WRITE_DELAY=100;AUTO_SERVER_PORT=0",
        # reference.conf @ jar:file:/C:/Users/raj.kumar/Cordapp-training/training-cordapp-1/build/nodes/PartyC/corda.jar!/reference.conf: 9
        "dataSource.user" : "sa",
        # reference.conf @ jar:file:/C:/Users/raj.kumar/Cordapp-training/training-cordapp-1/build/nodes/PartyC/corda.jar!/reference.conf: 7
        "dataSourceClassName" : "org.h2.jdbcx.JdbcDataSource"
    },
    # reference.conf @ jar:file:/C:/Users/raj.kumar/Cordapp-training/training-cordapp-1/build/nodes/PartyC/corda.jar!/reference.conf: 12
    "database" : {
        # reference.conf @ jar:file:/C:/Users/raj.kumar/Cordapp-training/training-cordapp-1/build/nodes/PartyC/corda.jar!/reference.conf: 14
        "exportHibernateJMXStatistics" : "false",
        # reference.conf @ jar:file:/C:/Users/raj.kumar/Cordapp-training/training-cordapp-1/build/nodes/PartyC/corda.jar!/reference.conf: 13
        "transactionIsolationLevel" : "REPEATABLE_READ"
    },
    # reference.conf @ jar:file:/C:/Users/raj.kumar/Cordapp-training/training-cordapp-1/build/nodes/PartyC/corda.jar!/reference.conf: 16
    "devMode" : true,
    # reference.conf @ jar:file:/C:/Users/raj.kumar/Cordapp-training/training-cordapp-1/build/nodes/PartyC/corda.jar!/reference.conf: 2
    "emailAddress" : "admin@company.com",
    # reference.conf @ jar:file:/C:/Users/raj.kumar/Cordapp-training/training-cordapp-1/build/nodes/PartyC/corda.jar!/reference.conf: 3
    "exportJMXto" : "http",
    # reference.conf @ jar:file:/C:/Users/raj.kumar/Cordapp-training/training-cordapp-1/build/nodes/PartyC/corda.jar!/reference.conf: 17
    "h2port" : 0,
    # reference.conf @ jar:file:/C:/Users/raj.kumar/Cordapp-training/training-cordapp-1/build/nodes/PartyC/corda.jar!/reference.conf: 4
    "keyStorePassword" : "cordacadevpass",
    # C:\Users\raj.kumar\Cordapp-training\training-cordapp-1\build\nodes\PartyC\node.conf: 1
    "myLegalName" : "O=PartyC,L=Lagos,C=NG",
    # C:\Users\raj.kumar\Cordapp-training\training-cordapp-1\build\nodes\PartyC\node.conf: 2
    "p2pAddress" : "localhost:10009",
    # merge of C:\Users\raj.kumar\Cordapp-training\training-cordapp-1\build\nodes\PartyC\node.conf: 3,reference.conf @ jar:file:/C:/Users/raj.kumar/Cordapp-training/training-cordapp-1/build/nodes/PartyC/corda.jar!/reference.conf: 27
    "rpcSettings" : {
        # C:\Users\raj.kumar\Cordapp-training\training-cordapp-1\build\nodes\PartyC\node.conf: 4
        "address" : "localhost:10010",
        # C:\Users\raj.kumar\Cordapp-training\training-cordapp-1\build\nodes\PartyC\node.conf: 5
        "adminAddress" : "localhost:10011",
        # reference.conf @ jar:file:/C:/Users/raj.kumar/Cordapp-training/training-cordapp-1/build/nodes/PartyC/corda.jar!/reference.conf: 29
        "standAloneBroker" : false,
        # reference.conf @ jar:file:/C:/Users/raj.kumar/Cordapp-training/training-cordapp-1/build/nodes/PartyC/corda.jar!/reference.conf: 28
        "useSsl" : false
    },
    # C:\Users\raj.kumar\Cordapp-training\training-cordapp-1\build\nodes\PartyC\node.conf: 7
    "rpcUsers" : [
        # C:\Users\raj.kumar\Cordapp-training\training-cordapp-1\build\nodes\PartyC\node.conf: 8
        {
            # C:\Users\raj.kumar\Cordapp-training\training-cordapp-1\build\nodes\PartyC\node.conf: 9
            "password" : "test",
            # C:\Users\raj.kumar\Cordapp-training\training-cordapp-1\build\nodes\PartyC\node.conf: 10
            "permissions" : [
                # C:\Users\raj.kumar\Cordapp-training\training-cordapp-1\build\nodes\PartyC\node.conf: 11
                "ALL"
            ],
            # C:\Users\raj.kumar\Cordapp-training\training-cordapp-1\build\nodes\PartyC\node.conf: 13
            "user" : "user1"
        }
    ],
    # reference.conf @ jar:file:/C:/Users/raj.kumar/Cordapp-training/training-cordapp-1/build/nodes/PartyC/corda.jar!/reference.conf: 5
    "trustStorePassword" : "trustpass",
    # reference.conf @ jar:file:/C:/Users/raj.kumar/Cordapp-training/training-cordapp-1/build/nodes/PartyC/corda.jar!/reference.conf: 18
    "useTestClock" : false,
    # reference.conf @ jar:file:/C:/Users/raj.kumar/Cordapp-training/training-cordapp-1/build/nodes/PartyC/corda.jar!/reference.conf: 19
    "verifierType" : "InMemory"
}
 {}
[WARN ] 2018-11-11T23:50:42,879Z [main] internal.config.defaultToOldPath - Config key user has been deprecated and will be removed in a future release. Use username instead {}
[INFO ] 2018-11-11T23:50:42,945Z [main] internal.Node.logStartupInfo - Vendor: Corda Open Source {}
[INFO ] 2018-11-11T23:50:42,945Z [main] internal.Node.logStartupInfo - Release: corda-3.0 {}
[INFO ] 2018-11-11T23:50:42,945Z [main] internal.Node.logStartupInfo - Platform Version: 3 {}
[INFO ] 2018-11-11T23:50:42,945Z [main] internal.Node.logStartupInfo - Revision: d9d6684f114e1954fe7abe6b09e4456af7c1b079 {}
[INFO ] 2018-11-11T23:50:42,954Z [main] internal.Node.logStartupInfo - PID: 5112 {}
[INFO ] 2018-11-11T23:50:42,954Z [main] internal.Node.logStartupInfo - Main class: /C:/Users/raj.kumar/Cordapp-training/training-cordapp-1/build/nodes/.cache/apps/net.corda.node.Corda_corda-3.0/corda-node-corda-3.0.jar {}
[INFO ] 2018-11-11T23:50:42,955Z [main] internal.Node.logStartupInfo - CommandLine Args: -Xmx200m -XX:+UseG1GC -javaagent:C:\Users\raj.kumar\Cordapp-training\training-cordapp-1\build\nodes\.cache\apps\net.corda.node.Corda_corda-3.0\quasar-core-0.7.9-jdk8.jar=x(antlr**;bftsmart**;ch**;co.paralleluniverse**;com.codahale**;com.esotericsoftware**;com.fasterxml**;com.google**;com.ibm**;com.intellij**;com.jcabi**;com.nhaarman**;com.opengamma**;com.typesafe**;com.zaxxer**;de.javakaffee**;groovy**;groovyjarjarantlr**;groovyjarjarasm**;io.atomix**;io.github**;io.netty**;jdk**;joptsimple**;junit**;kotlin**;net.bytebuddy**;net.i2p**;org.apache**;org.assertj**;org.bouncycastle**;org.codehaus**;org.crsh**;org.dom4j**;org.fusesource**;org.h2**;org.hamcrest**;org.hibernate**;org.jboss**;org.jcp**;org.joda**;org.junit**;org.mockito**;org.objectweb**;org.objenesis**;org.slf4j**;org.w3c**;org.xml**;org.yaml**;reflectasm**;rx**;org.jolokia**) -javaagent:C:\Users\raj.kumar\Cordapp-training\training-cordapp-1\build\nodes\PartyC\corda.jar -Dcapsule.address=0.0.0.0 -Dvisualvm.display.name=Corda -Djava.library.path=C:\Program Files\Java\jdk1.8.0_131\bin;C:\WINDOWS\Sun\Java\bin;C:\WINDOWS\system32;C:\WINDOWS;C:\Users\raj.kumar\.sdkman\candidates\springboot\current\bin;C:\Users\raj.kumar\bin;C:\Program Files\Git\mingw64\bin;C:\Program Files\Git\usr\local\bin;C:\Program Files\Git\usr\bin;C:\Program Files\Git\usr\bin;C:\Program Files\Git\mingw64\bin;C:\Program Files\Git\usr\bin;C:\Users\raj.kumar\bin;C:\Program Files (x86)\Common Files\Oracle\Java\javapath;C:\ProgramData\Oracle\Java\javapath;C:\Program Files\Microsoft MPI\Bin;C:\Oracle\product\12.1.0\dbhome_1\bin;C:\WINDOWS\system32;C:\WINDOWS;C:\WINDOWS\System32\Wbem;C:\WINDOWS\System32\WindowsPowerShell\v1.0;C:\Program Files\Git\cmd;C:\Program Files (x86)\WinMerge;C:\Program Files\PuTTY;C:\Gradle\gradle-4.8.1\bin;C:\Program Files\Microsoft VS Code\bin;C:\Program Files\nodejs;C:\Users\raj.kumar\.m2;C:\Program Files\Apache\maven\apache-maven-3.5.4\bin;C:\Program Files\Apache\maven\apache-maven-3.5.4\bin;C:\Program Files\dotnet;C:\Program Files\Microsoft SQL Server\130\Tools\Binn;C:\H2\bin;C:\Program Files\Java\jdk1.8.0_171\bin;C:\Users\raj.kumar\AppData\Local\Microsoft\WindowsApps;C:\Users\raj.kumar\AppData\Roaming\npm;C:\Users\raj.kumar\AppData\Local\Programs\Microsoft VS Code\bin;C:\Program Files\Git\usr\bin\vendor_perl;C:\Program Files\Git\usr\bin\core_perl;C:\Users\raj.kumar\Cordapp-training\training-cordapp-1\build\nodes\.cache\apps\net.corda.node.Corda_corda-3.0 -Dcapsule.log=1 -Dcapsule.app=net.corda.node.Corda_corda-3.0 -Dcapsule.port=51175 -Dcapsule.dir=C:\Users\raj.kumar\Cordapp-training\training-cordapp-1\build\nodes\.cache\apps\net.corda.node.Corda_corda-3.0 -Dcapsule.jar=C:\Users\raj.kumar\Cordapp-training\training-cordapp-1\build\nodes\PartyC\corda.jar {}
[INFO ] 2018-11-11T23:50:42,955Z [main] internal.Node.logStartupInfo - Application Args: --just-generate-node-info {}
[INFO ] 2018-11-11T23:50:42,955Z [main] internal.Node.logStartupInfo - bootclasspath: C:\Program Files\Java\jdk1.8.0_131\jre\lib\resources.jar;C:\Program Files\Java\jdk1.8.0_131\jre\lib\rt.jar;C:\Program Files\Java\jdk1.8.0_131\jre\lib\sunrsasign.jar;C:\Program Files\Java\jdk1.8.0_131\jre\lib\jsse.jar;C:\Program Files\Java\jdk1.8.0_131\jre\lib\jce.jar;C:\Program Files\Java\jdk1.8.0_131\jre\lib\charsets.jar;C:\Program Files\Java\jdk1.8.0_131\jre\lib\jfr.jar;C:\Program Files\Java\jdk1.8.0_131\jre\classes {}
[INFO ] 2018-11-11T23:50:42,955Z [main] internal.Node.logStartupInfo - classpath: C:\Users\raj.kumar\Cordapp-training\training-cordapp-1\build\nodes\PartyC\corda.jar;C:\Users\raj.kumar\Cordapp-training\training-cordapp-1\build\nodes\.cache\apps\net.corda.node.Corda_corda-3.0\corda-rpc-corda-3.0.jar;C:\Users\raj.kumar\Cordapp-training\training-cordapp-1\build\nodes\.cache\apps\net.corda.node.Corda_corda-3.0\corda-node-api-corda-3.0.jar;C:\Users\raj.kumar\Cordapp-training\training-cordapp-1\build\nodes\.cache\apps\net.corda.node.Corda_corda-3.0\corda-confidential-identities-corda-3.0.jar;C:\Users\raj.kumar\Cordapp-training\training-cordapp-1\build\nodes\.cache\apps\net.corda.node.Corda_corda-3.0\cordform-common-3.0.9.jar;C:\Users\raj.kumar\Cordapp-training\training-cordapp-1\build\nodes\.cache\apps\net.corda.node.Corda_corda-3.0\log4j-slf4j-impl-2.9.1.jar;C:\Users\raj.kumar\Cordapp-training\training-cordapp-1\build\nodes\.cache\apps\net.corda.node.Corda_corda-3.0\log4j-web-2.9.1.jar;C:\Users\raj.kumar\Cordapp-training\training-cordapp-1\build\nodes\.cache\apps\net.corda.node.Corda_corda-3.0\jul-to-slf4j-1.7.25.jar;C:\Users\raj.kumar\Cordapp-training\training-cordapp-1\build\nodes\.cache\apps\net.corda.node.Corda_corda-3.0\corda-jackson-corda-3.0.jar;C:\Users\raj.kumar\Cordapp-training\training-cordapp-1\build\nodes\.cache\apps\net.corda.node.Corda_corda-3.0\corda-core-corda-3.0.jar;C:\Users\raj.kumar\Cordapp-training\training-cordapp-1\build\nodes\.cache\apps\net.corda.node.Corda_corda-3.0\kotlin-stdlib-jre8-1.1.60.jar;C:\Users\raj.kumar\Cordapp-training\training-cordapp-1\build\nodes\.cache\apps\net.corda.node.Corda_corda-3.0\jackson-module-kotlin-2.9.2.jar;C:\Users\raj.kumar\Cordapp-training\training-cordapp-1\build\nodes\.cache\apps\net.corda.node.Corda_corda-3.0\kotlin-reflect-1.1.60.jar;C:\Users\raj.kumar\Cordapp-training\training-cordapp-1\build\nodes\.cache\apps\net.corda.node.Corda_corda-3.0\jimfs-1.1.jar;C:\Users\raj.kumar\Cordapp-training\training-cordapp-1\build\nodes\.cache\apps\net.corda.node.Corda_corda-3.0\artemis-amqp-protocol-2.2.0.jar;C:\Users\raj.kumar\Cordapp-training\training-cordapp-1\build\nodes\.cache\apps\net.corda.node.Corda_corda-3.0\artemis-server-2.2.0.jar;C:\Users\raj.kumar\Cordapp-training\training-cordapp-1\build\nodes\.cache\apps\net.corda.node.Corda_corda-3.0\artemis-jdbc-store-2.2.0.jar;C:\Users\raj.kumar\Cordapp-training\training-cordapp-1\build\nodes\.cache\apps\net.corda.node.Corda_corda-3.0\artemis-jms-client-2.2.0.jar;C:\Users\raj.kumar\Cordapp-training\training-cordapp-1\build\nodes\.cache\apps\net.corda.node.Corda_corda-3.0\artemis-core-client-2.2.0.jar;C:\Users\raj.kumar\Cordapp-training\training-cordapp-1\build\nodes\.cache\apps\net.corda.node.Corda_corda-3.0\artemis-journal-2.2.0.jar;C:\Users\raj.kumar\Cordapp-training\training-cordapp-1\build\nodes\.cache\apps\net.corda.node.Corda_corda-3.0\artemis-commons-2.2.0.jar;C:\Users\raj.kumar\Cordapp-training\training-cordapp-1\build\nodes\.cache\apps\net.corda.node.Corda_corda-3.0\guava-21.0.jar;C:\Users\raj.kumar\Cordapp-training\training-cordapp-1\build\nodes\.cache\apps\net.corda.node.Corda_corda-3.0\jopt-simple-5.0.2.jar;C:\Users\raj.kumar\Cordapp-training\training-cordapp-1\build\nodes\.cache\apps\net.corda.node.Corda_corda-3.0\commons-collections4-4.1.jar;C:\Users\raj.kumar\Cordapp-training\training-cordapp-1\build\nodes\.cache\apps\net.corda.node.Corda_corda-3.0\shiro-core-1.4.0.jar;C:\Users\raj.kumar\Cordapp-training\training-cordapp-1\build\nodes\.cache\apps\net.corda.node.Corda_corda-3.0\shiro-config-ogdl-1.4.0.jar;C:\Users\raj.kumar\Cordapp-training\training-cordapp-1\build\nodes\.cache\apps\net.corda.node.Corda_corda-3.0\commons-beanutils-1.9.3.jar;C:\Users\raj.kumar\Cordapp-training\training-cordapp-1\build\nodes\.cache\apps\net.corda.node.Corda_corda-3.0\jansi-1.14.jar;C:\Users\raj.kumar\Cordapp-training\training-cordapp-1\build\nodes\.cache\apps\net.corda.node.Corda_corda-3.0\jcabi-manifests-1.1.jar;C:\Users\raj.kumar\Cordapp-training\training-cordapp-1\build\nodes\.cache\apps\net.corda.node.Corda_corda-3.0\forms_rt-7.0.3.jar;C:\Users\raj.kumar\Cordapp-training\training-cordapp-1\build\nodes\.cache\apps\net.corda.node.Corda_corda-3.0\json-20180130.jar;C:\Users\raj.kumar\Cordapp-training\training-cordapp-1\build\nodes\.cache\apps\net.corda.node.Corda_corda-3.0\metrics-core-3.1.2.jar;C:\Users\raj.kumar\Cordapp-training\training-cordapp-1\build\nodes\.cache\apps\net.corda.node.Corda_corda-3.0\config-1.3.1.jar;C:\Users\raj.kumar\Cordapp-training\training-cordapp-1\build\nodes\.cache\apps\net.corda.node.Corda_corda-3.0\h2-1.4.194.jar;C:\Users\raj.kumar\Cordapp-training\training-cordapp-1\build\nodes\.cache\apps\net.corda.node.Corda_corda-3.0\postgresql-42.1.4.jar;C:\Users\raj.kumar\Cordapp-training\training-cordapp-1\build\nodes\.cache\apps\net.corda.node.Corda_corda-3.0\HikariCP-2.5.1.jar;C:\Users\raj.kumar\Cordapp-training\training-cordapp-1\build\nodes\.cache\apps\net.corda.node.Corda_corda-3.0\hibernate-java8-5.2.6.Final.jar;C:\Users\raj.kumar\Cordapp-training\training-cordapp-1\build\nodes\.cache\apps\net.corda.node.Corda_corda-3.0\hibernate-core-5.2.6.Final.jar;C:\Users\raj.kumar\Cordapp-training\training-cordapp-1\build\nodes\.cache\apps\net.corda.node.Corda_corda-3.0\copycat-client-1.2.3.jar;C:\Users\raj.kumar\Cordapp-training\training-cordapp-1\build\nodes\.cache\apps\net.corda.node.Corda_corda-3.0\copycat-server-1.2.3.jar;C:\Users\raj.kumar\Cordapp-training\training-cordapp-1\build\nodes\.cache\apps\net.corda.node.Corda_corda-3.0\catalyst-netty-1.1.2.jar;C:\Users\raj.kumar\Cordapp-training\training-cordapp-1\build\nodes\.cache\apps\net.corda.node.Corda_corda-3.0\netty-all-4.1.9.Final.jar;C:\Users\raj.kumar\Cordapp-training\training-cordapp-1\build\nodes\.cache\apps\net.corda.node.Corda_corda-3.0\crash.connectors.ssh-cadb53544fbb3c0fb901445da614998a6a419488.jar;C:\Users\raj.kumar\Cordapp-training\training-cordapp-1\build\nodes\.cache\apps\net.corda.node.Corda_corda-3.0\crash.shell-cadb53544fbb3c0fb901445da614998a6a419488.jar;C:\Users\raj.kumar\Cordapp-training\training-cordapp-1\build\nodes\.cache\apps\net.corda.node.Corda_corda-3.0\okhttp-3.5.0.jar;C:\Users\raj.kumar\Cordapp-training\training-cordapp-1\build\nodes\.cache\apps\net.corda.node.Corda_corda-3.0\commons-codec-1.10.jar;C:\Users\raj.kumar\Cordapp-training\training-cordapp-1\build\nodes\.cache\apps\net.corda.node.Corda_corda-3.0\library-master-v1.1-beta-g6215ec8-87.jar;C:\Users\raj.kumar\Cordapp-training\training-cordapp-1\build\nodes\.cache\apps\net.corda.node.Corda_corda-3.0\jolokia-jvm-1.3.7-agent.jar;C:\Users\raj.kumar\Cordapp-training\training-cordapp-1\build\nodes\.cache\apps\net.corda.node.Corda_corda-3.0\quasar-core-0.7.9-jdk8.jar;C:\Users\raj.kumar\Cordapp-training\training-cordapp-1\build\nodes\.cache\apps\net.corda.node.Corda_corda-3.0\commons-fileupload-1.3.3.jar;C:\Users\raj.kumar\Cordapp-training\training-cordapp-1\build\nodes\.cache\apps\net.corda.node.Corda_corda-3.0\kryo-serializers-0.41.jar;C:\Users\raj.kumar\Cordapp-training\training-cordapp-1\build\nodes\.cache\apps\net.corda.node.Corda_corda-3.0\kryo-4.0.0.jar;C:\Users\raj.kumar\Cordapp-training\training-cordapp-1\build\nodes\.cache\apps\net.corda.node.Corda_corda-3.0\proton-j-0.21.0.jar;C:\Users\raj.kumar\Cordapp-training\training-cordapp-1\build\nodes\.cache\apps\net.corda.node.Corda_corda-3.0\fast-classpath-scanner-2.0.21.jar;C:\Users\raj.kumar\Cordapp-training\training-cordapp-1\build\nodes\.cache\apps\net.corda.node.Corda_corda-3.0\jsr305-3.0.2.jar;C:\Users\raj.kumar\Cordapp-training\training-cordapp-1\build\nodes\.cache\apps\net.corda.node.Corda_corda-3.0\jcabi-log-0.14.jar;C:\Users\raj.kumar\Cordapp-training\training-cordapp-1\build\nodes\.cache\apps\net.corda.node.Corda_corda-3.0\copycat-protocol-1.2.3.jar;C:\Users\raj.kumar\Cordapp-training\training-cordapp-1\build\nodes\.cache\apps\net.corda.node.Corda_corda-3.0\catalyst-transport-1.1.2.jar;C:\Users\raj.kumar\Cordapp-training\training-cordapp-1\build\nodes\.cache\apps\net.corda.node.Corda_corda-3.0\mina-core-2.0.16.jar;C:\Users\raj.kumar\Cordapp-training\training-cordapp-1\build\nodes\.cache\apps\net.corda.node.Corda_corda-3.0\shiro-cache-1.4.0.jar;C:\Users\raj.kumar\Cordapp-training\training-cordapp-1\build\nodes\.cache\apps\net.corda.node.Corda_corda-3.0\shiro-crypto-hash-1.4.0.jar;C:\Users\raj.kumar\Cordapp-training\training-cordapp-1\build\nodes\.cache\apps\net.corda.node.Corda_corda-3.0\shiro-crypto-cipher-1.4.0.jar;C:\Users\raj.kumar\Cordapp-training\training-cordapp-1\build\nodes\.cache\apps\net.corda.node.Corda_corda-3.0\shiro-config-core-1.4.0.jar;C:\Users\raj.kumar\Cordapp-training\training-cordapp-1\build\nodes\.cache\apps\net.corda.node.Corda_corda-3.0\shiro-event-1.4.0.jar;C:\Users\raj.kumar\Cordapp-training\training-cordapp-1\build\nodes\.cache\apps\net.corda.node.Corda_corda-3.0\shiro-crypto-core-1.4.0.jar;C:\Users\raj.kumar\Cordapp-training\training-cordapp-1\build\nodes\.cache\apps\net.corda.node.Corda_corda-3.0\shiro-lang-1.4.0.jar;C:\Users\raj.kumar\Cordapp-training\training-cordapp-1\build\nodes\.cache\apps\net.corda.node.Corda_corda-3.0\jcl-over-slf4j-1.7.25.jar;C:\Users\raj.kumar\Cordapp-training\training-cordapp-1\build\nodes\.cache\apps\net.corda.node.Corda_corda-3.0\catalyst-concurrent-1.1.2.jar;C:\Users\raj.kumar\Cordapp-training\training-cordapp-1\build\nodes\.cache\apps\net.corda.node.Corda_corda-3.0\catalyst-serializer-1.1.2.jar;C:\Users\raj.kumar\Cordapp-training\training-cordapp-1\build\nodes\.cache\apps\net.corda.node.Corda_corda-3.0\catalyst-buffer-1.1.2.jar;C:\Users\raj.kumar\Cordapp-training\training-cordapp-1\build\nodes\.cache\apps\net.corda.node.Corda_corda-3.0\catalyst-common-1.1.2.jar;C:\Users\raj.kumar\Cordapp-training\training-cordapp-1\build\nodes\.cache\apps\net.corda.node.Corda_corda-3.0\sshd-pam-0.11.0.jar;C:\Users\raj.kumar\Cordapp-training\training-cordapp-1\build\nodes\.cache\apps\net.corda.node.Corda_corda-3.0\sshd-core-1.6.0.jar;C:\Users\raj.kumar\Cordapp-training\training-cordapp-1\build\nodes\.cache\apps\net.corda.node.Corda_corda-3.0\slf4j-api-1.7.25.jar;C:\Users\raj.kumar\Cordapp-training\training-cordapp-1\build\nodes\.cache\apps\net.corda.node.Corda_corda-3.0\log4j-core-2.9.1.jar;C:\Users\raj.kumar\Cordapp-training\training-cordapp-1\build\nodes\.cache\apps\net.corda.node.Corda_corda-3.0\log4j-api-2.9.1.jar;C:\Users\raj.kumar\Cordapp-training\training-cordapp-1\build\nodes\.cache\apps\net.corda.node.Corda_corda-3.0\kotlin-stdlib-jre7-1.1.60.jar;C:\Users\raj.kumar\Cordapp-training\training-cordapp-1\build\nodes\.cache\apps\net.corda.node.Corda_corda-3.0\kotlin-stdlib-1.1.60.jar;C:\Users\raj.kumar\Cordapp-training\training-cordapp-1\build\nodes\.cache\apps\net.corda.node.Corda_corda-3.0\commons-collections-3.2.2.jar;C:\Users\raj.kumar\Cordapp-training\training-cordapp-1\build\nodes\.cache\apps\net.corda.node.Corda_corda-3.0\hibernate-commons-annotations-5.0.1.Final.jar;C:\Users\raj.kumar\Cordapp-training\training-cordapp-1\build\nodes\.cache\apps\net.corda.node.Corda_corda-3.0\artemis-native-2.2.0.jar;C:\Users\raj.kumar\Cordapp-training\training-cordapp-1\build\nodes\.cache\apps\net.corda.node.Corda_corda-3.0\jboss-logging-3.3.0.Final.jar;C:\Users\raj.kumar\Cordapp-training\training-cordapp-1\build\nodes\.cache\apps\net.corda.node.Corda_corda-3.0\artemis-selector-2.2.0.jar;C:\Users\raj.kumar\Cordapp-training\training-cordapp-1\build\nodes\.cache\apps\net.corda.node.Corda_corda-3.0\jgroups-3.6.13.Final.jar;C:\Users\raj.kumar\Cordapp-training\training-cordapp-1\build\nodes\.cache\apps\net.corda.node.Corda_corda-3.0\geronimo-json_1.0_spec-1.0-alpha-1.jar;C:\Users\raj.kumar\Cordapp-training\training-cordapp-1\build\nodes\.cache\apps\net.corda.node.Corda_corda-3.0\johnzon-core-0.9.5.jar;C:\Users\raj.kumar\Cordapp-training\training-cordapp-1\build\nodes\.cache\apps\net.corda.node.Corda_corda-3.0\forms-1.1-preview.jar;C:\Users\raj.kumar\Cordapp-training\training-cordapp-1\build\nodes\.cache\apps\net.corda.node.Corda_corda-3.0\jdom-1.0.jar;C:\Users\raj.kumar\Cordapp-training\training-cordapp-1\build\nodes\.cache\apps\net.corda.node.Corda_corda-3.0\jackson-dataformat-yaml-2.9.2.jar;C:\Users\raj.kumar\Cordapp-training\training-cordapp-1\build\nodes\.cache\apps\net.corda.node.Corda_corda-3.0\jackson-datatype-jsr310-2.9.2.jar;C:\Users\raj.kumar\Cordapp-training\training-cordapp-1\build\nodes\.cache\apps\net.corda.node.Corda_corda-3.0\hibernate-jpa-2.1-api-1.0.0.Final.jar;C:\Users\raj.kumar\Cordapp-training\training-cordapp-1\build\nodes\.cache\apps\net.corda.node.Corda_corda-3.0\javassist-3.20.0-GA.jar;C:\Users\raj.kumar\Cordapp-training\training-cordapp-1\build\nodes\.cache\apps\net.corda.node.Corda_corda-3.0\antlr-2.7.7.jar;C:\Users\raj.kumar\Cordapp-training\training-cordapp-1\build\nodes\.cache\apps\net.corda.node.Corda_corda-3.0\geronimo-jta_1.1_spec-1.1.1.jar;C:\Users\raj.kumar\Cordapp-training\training-cordapp-1\build\nodes\.cache\apps\net.corda.node.Corda_corda-3.0\jandex-2.0.3.Final.jar;C:\Users\raj.kumar\Cordapp-training\training-cordapp-1\build\nodes\.cache\apps\net.corda.node.Corda_corda-3.0\classmate-1.3.0.jar;C:\Users\raj.kumar\Cordapp-training\training-cordapp-1\build\nodes\.cache\apps\net.corda.node.Corda_corda-3.0\dom4j-1.6.1.jar;C:\Users\raj.kumar\Cordapp-training\training-cordapp-1\build\nodes\.cache\apps\net.corda.node.Corda_corda-3.0\cdi-api-1.1.jar;C:\Users\raj.kumar\Cordapp-training\training-cordapp-1\build\nodes\.cache\apps\net.corda.node.Corda_corda-3.0\crash.cli-cadb53544fbb3c0fb901445da614998a6a419488.jar;C:\Users\raj.kumar\Cordapp-training\training-cordapp-1\build\nodes\.cache\apps\net.corda.node.Corda_corda-3.0\groovy-all-1.8.9.jar;C:\Users\raj.kumar\Cordapp-training\training-cordapp-1\build\nodes\.cache\apps\net.corda.node.Corda_corda-3.0\okio-1.11.0.jar;C:\Users\raj.kumar\Cordapp-training\training-cordapp-1\build\nodes\.cache\apps\net.corda.node.Corda_corda-3.0\jolokia-core-1.3.7.jar;C:\Users\raj.kumar\Cordapp-training\training-cordapp-1\build\nodes\.cache\apps\net.corda.node.Corda_corda-3.0\json-simple-1.1.1.jar;C:\Users\raj.kumar\Cordapp-training\training-cordapp-1\build\nodes\.cache\apps\net.corda.node.Corda_corda-3.0\rxjava-1.2.4.jar;C:\Users\raj.kumar\Cordapp-training\training-cordapp-1\build\nodes\.cache\apps\net.corda.node.Corda_corda-3.0\commons-jexl3-3.0.jar;C:\Users\raj.kumar\Cordapp-training\training-cordapp-1\build\nodes\.cache\apps\net.corda.node.Corda_corda-3.0\jackson-databind-2.9.2.jar;C:\Users\raj.kumar\Cordapp-training\training-cordapp-1\build\nodes\.cache\apps\net.corda.node.Corda_corda-3.0\eddsa-0.2.0.jar;C:\Users\raj.kumar\Cordapp-training\training-cordapp-1\build\nodes\.cache\apps\net.corda.node.Corda_corda-3.0\bcpkix-jdk15on-1.57.jar;C:\Users\raj.kumar\Cordapp-training\training-cordapp-1\build\nodes\.cache\apps\net.corda.node.Corda_corda-3.0\bcprov-jdk15on-1.57.jar;C:\Users\raj.kumar\Cordapp-training\training-cordapp-1\build\nodes\.cache\apps\net.corda.node.Corda_corda-3.0\commons-io-2.2.jar;C:\Users\raj.kumar\Cordapp-training\training-cordapp-1\build\nodes\.cache\apps\net.corda.node.Corda_corda-3.0\reflectasm-1.11.3.jar;C:\Users\raj.kumar\Cordapp-training\training-cordapp-1\build\nodes\.cache\apps\net.corda.node.Corda_corda-3.0\minlog-1.3.0.jar;C:\Users\raj.kumar\Cordapp-training\training-cordapp-1\build\nodes\.cache\apps\net.corda.node.Corda_corda-3.0\objenesis-2.2.jar;C:\Users\raj.kumar\Cordapp-training\training-cordapp-1\build\nodes\.cache\apps\net.corda.node.Corda_corda-3.0\annotations-13.0.jar;C:\Users\raj.kumar\Cordapp-training\training-cordapp-1\build\nodes\.cache\apps\net.corda.node.Corda_corda-3.0\jackson-annotations-2.9.0.jar;C:\Users\raj.kumar\Cordapp-training\training-cordapp-1\build\nodes\.cache\apps\net.corda.node.Corda_corda-3.0\snakeyaml-1.18.jar;C:\Users\raj.kumar\Cordapp-training\training-cordapp-1\build\nodes\.cache\apps\net.corda.node.Corda_corda-3.0\jackson-core-2.9.2.jar;C:\Users\raj.kumar\Cordapp-training\training-cordapp-1\build\nodes\.cache\apps\net.corda.node.Corda_corda-3.0\el-api-2.2.jar;C:\Users\raj.kumar\Cordapp-training\training-cordapp-1\build\nodes\.cache\apps\net.corda.node.Corda_corda-3.0\jboss-interceptors-api_1.1_spec-1.0.0.Beta1.jar;C:\Users\raj.kumar\Cordapp-training\training-cordapp-1\build\nodes\.cache\apps\net.corda.node.Corda_corda-3.0\jsr250-api-1.0.jar;C:\Users\raj.kumar\Cordapp-training\training-cordapp-1\build\nodes\.cache\apps\net.corda.node.Corda_corda-3.0\javax.inject-1.jar;C:\Users\raj.kumar\Cordapp-training\training-cordapp-1\build\nodes\.cache\apps\net.corda.node.Corda_corda-3.0\jpam-1.1.jar;C:\Users\raj.kumar\Cordapp-training\training-cordapp-1\build\nodes\.cache\apps\net.corda.node.Corda_corda-3.0\geronimo-jms_2.0_spec-1.0-alpha-2.jar;C:\Users\raj.kumar\Cordapp-training\training-cordapp-1\build\nodes\.cache\apps\net.corda.node.Corda_corda-3.0\asm-5.0.4.jar;C:\Users\raj.kumar\Cordapp-training\training-cordapp-1\build\nodes\.cache\apps\net.corda.node.Corda_corda-3.0\corda-node-corda-3.0.jar;C:\Users\raj.kumar\Cordapp-training\training-cordapp-1\build\nodes\.cache\apps\net.corda.node.Corda_corda-3.0\quasar-core-0.7.9-jdk8.jar;C:\Users\raj.kumar\Cordapp-training\training-cordapp-1\build\nodes\PartyC\corda.jar {}
[INFO ] 2018-11-11T23:50:42,958Z [main] internal.Node.logStartupInfo - VM Java HotSpot(TM) 64-Bit Server VM Oracle Corporation 25.131-b11 {}
[INFO ] 2018-11-11T23:50:42,958Z [main] internal.Node.logStartupInfo - Machine: DEFRA4045977G {}
[INFO ] 2018-11-11T23:50:42,958Z [main] internal.Node.logStartupInfo - Working Directory: C:\Users\raj.kumar\Cordapp-training\training-cordapp-1\build\nodes\PartyC {}
[INFO ] 2018-11-11T23:50:42,959Z [main] internal.Node.logStartupInfo - Starting as node on localhost:10009 {}
[INFO ] 2018-11-11T23:50:43,079Z [main] cordapp.CordappLoader.<init> - No CorDapp paths provided {}
[INFO ] 2018-11-11T23:50:43,317Z [main] internal.Node.generateAndSaveNodeInfo - Generating nodeInfo ... {}
[WARN ] 2018-11-11T23:50:43,318Z [main] internal.Node.initCertificate - Corda node is running in dev mode. {}
[INFO ] 2018-11-11T23:50:44,328Z [main] internal.Node.obtainIdentity - identity-private-key not found in key store C:\Users\raj.kumar\Cordapp-training\training-cordapp-1\build\nodes\PartyC\certificates\nodekeystore.jks, generating fresh key! {}
[INFO ] 2018-11-11T23:50:44,678Z [main] BasicInfo.printBasicNodeInfo - Database connection url is              : jdbc:h2:tcp://192.168.56.1:51188/node {}
[INFO ] 2018-11-11T23:50:44,789Z [main] hikari.HikariDataSource.<init> - HikariPool-1 - Started. {}
[INFO ] 2018-11-11T23:50:45,177Z [main] internal.Node.invoke - Connected to H2 database. {}
[INFO ] 2018-11-11T23:50:45,273Z [main] persistence.HibernateConfiguration.<init> - Init HibernateConfiguration for schemas: [CommonSchemaV1(name=net.corda.core.schemas.CommonSchema, version=1), VaultSchemaV1(name=net.corda.node.services.vault.VaultSchema, version=1), NodeInfoSchemaV1(name=net.corda.node.internal.schemas.NodeInfoSchema, version=1), NodeCoreV1(name=net.corda.node.services.schema.NodeSchemaService$NodeCore, version=1)] {}
[INFO ] 2018-11-11T23:50:45,274Z [main] persistence.HibernateConfiguration.makeSessionFactoryForSchemas - Creating session factory for schemas: [CommonSchemaV1(name=net.corda.core.schemas.CommonSchema, version=1), VaultSchemaV1(name=net.corda.node.services.vault.VaultSchema, version=1), NodeInfoSchemaV1(name=net.corda.node.internal.schemas.NodeInfoSchema, version=1), NodeCoreV1(name=net.corda.node.services.schema.NodeSchemaService$NodeCore, version=1)] {}
[INFO ] 2018-11-11T23:50:45,466Z [main] hibernate.Version.logVersion - HHH000412: Hibernate Core {5.2.6.Final} {}
[INFO ] 2018-11-11T23:50:45,469Z [main] cfg.Environment.<clinit> - HHH000206: hibernate.properties not found {}
[INFO ] 2018-11-11T23:50:45,509Z [main] common.Version.<clinit> - HCANN000001: Hibernate Commons Annotations {5.0.1.Final} {}
[INFO ] 2018-11-11T23:50:45,610Z [main] internal.ConnectionProviderInitiator.initiateService - HHH000130: Instantiating explicit connection provider: net.corda.nodeapi.internal.persistence.HibernateConfiguration$NodeDatabaseConnectionProvider {}
[INFO ] 2018-11-11T23:50:45,631Z [main] dialect.Dialect.<init> - HHH000400: Using dialect: org.hibernate.dialect.H2Dialect {}
[INFO ] 2018-11-11T23:50:45,694Z [main] type.BasicTypeRegistry.register - HHH000270: Type registration [materialized_blob] overrides previous : org.hibernate.type.MaterializedBlobType@10272bbb {}
[INFO ] 2018-11-11T23:50:46,555Z [main] connections.access.getIsolatedConnection - HHH10001501: Connection obtained from JdbcConnectionAccess [org.hibernate.engine.jdbc.env.internal.JdbcEnvironmentInitiator$ConnectionProviderJdbcConnectionAccess@6650a6c] for (non-JTA) DDL execution was not in auto-commit mode; the Connection 'local transaction' will be committed and the Connection will be set into auto-commit mode. {}
[INFO ] 2018-11-11T23:50:46,697Z [main] persistence.HibernateConfiguration.makeSessionFactoryForSchemas - Created session factory for schemas: [CommonSchemaV1(name=net.corda.core.schemas.CommonSchema, version=1), VaultSchemaV1(name=net.corda.node.services.vault.VaultSchema, version=1), NodeInfoSchemaV1(name=net.corda.node.internal.schemas.NodeInfoSchema, version=1), NodeCoreV1(name=net.corda.node.services.schema.NodeSchemaService$NodeCore, version=1)] {}
[INFO ] 2018-11-11T23:50:46,928Z [main] internal.QueryTranslatorFactoryInitiator.initiateService - HHH000397: Using ASTQueryTranslatorFactory {}
[INFO ] 2018-11-11T23:50:47,388Z [main] internal.Node.tryDetectIfNotPublicHost - Detected public IP: 2001:67c:2328:da:d56b:425e:e462:b2d6. This will be used instead of the provided "localhost" as the advertised address. {}
[INFO ] 2018-11-11T23:50:47,815Z [main] internal.Node.run - Node exiting successfully {}
